Starting Dynare (version 4.5.7).
Starting preprocessing of the model file ...
Found 23 equation(s).
Evaluating expressions...done
Computing static model derivatives:
 - order 1
Computing dynamic model derivatives:
 - order 1
Processing outputs ...
done
Preprocessing completed.




Residuals of the static equations:

Equation number 1 : 0 : Pricing
Equation number 2 : 0 : Markup
Equation number 3 : 0 : Variety effect
Equation number 4 : 0 : Profits
Equation number 5 : 0 : Free entry
Equation number 6 : 0 : Number of firms
Equation number 7 : 0 : Intratemporal optimality
Equation number 8 : 0 : Euler euqation (shares)
Equation number 9 : 0 : Euler euqation (bonds)
Equation number 10 : 0 : Output of consumption sector
Equation number 11 : 0 : Aggregate accounting
Equation number 12 : 0 : CPI inflation
Equation number 13 : 0 : Monetary policy
Equation number 14 : 0 : Entry cost
Equation number 15 : 0 : Aggregate productivity
Equation number 16 : 0 : Consumption-based real interest rate on bonds
Equation number 17 : 0 : Investment in new firms
Equation number 18 : 0 : GDP
Equation number 19 : 0 : Empirical GDP
Equation number 20 : 0 : Labor used to create new firms
Equation number 21 : 0 : Labor used in production of consumptions
Equation number 22 : 0 : Firm labor demand for productive purpose
Equation number 23 : 0 : Firm level output



STEADY-STATE RESULTS:

rho 		 0
mu  		 0
d   		 0
w   		 0
L   		 0
Ne  		 0
N   		 0
v   		 0
C   		 0
Z   		 0
YC  		 0
pi  		 0
i   		 0
pai 		 0
fe  		 0
r   		 0
ve  		 0
Y   		 0
Yr  		 0
Le  		 0
Lc  		 0
l   		 0
yy  		 0

EIGENVALUES:
         Modulus             Real        Imaginary

       1.821e-16       -1.821e-16                0
          0.7229           0.7229                0
          0.9273           0.9273                0
           1.088            1.087          0.05516
           1.088            1.087         -0.05516
           1.119            1.119                0
             Inf              Inf                0
             Inf              Inf                0


There are 5 eigenvalue(s) larger than 1 in modulus 
for 5 forward-looking variable(s)

The rank condition is verified.


MODEL SUMMARY

  Number of variables:         23
  Number of stochastic shocks: 1
  Number of state variables:   3
  Number of jumpers:           5
  Number of static variables:  15


MATRIX OF COVARIANCE OF EXOGENOUS SHOCKS
Variables       eps_Z
eps_Z        1.000000

POLICY AND TRANSITION FUNCTIONS
                                   i              pi             pai               r               C              Ne               N               L               w              mu               d               v             rho              ve               Y              Le              Lc               l              yy              Yr
rho(-1)                            0               0        1.000000               0               0               0               0               0               0               0               0               0               0               0               0               0               0               0               0               0
N(-1)                      -0.005230       -0.020807       -0.355052               0        0.420794       -1.564548        0.935886       -0.391920        0.224834        0.109411       -0.208740        0.224834        0.334245       -1.339714        0.054021       -1.564548        0.086549       -0.849337       -0.849337       -0.280224
i(-1)                       0.714290       -0.389810       -0.514466        1.000000       -3.269629       13.961487        0.349037        0.516460       -3.011399        3.136056        5.162289       -3.011399        0.124656       10.950087       -0.307188       13.961487       -3.394285       -3.743323       -3.743323       -0.431845
eps_Z                      -0.892863        0.487263        0.643083               0        4.087037      -17.451858       -0.436296       -0.645575        3.764249       -3.920069       -6.452861        3.764249       -0.155820      -13.687609        0.383986      -17.451858        4.242857        4.679153        4.679153        0.539806


THEORETICAL MOMENTS (HP filter, lambda = 1600)
VARIABLE         MEAN  STD. DEV.   VARIANCE
i              0.0000     1.0286     1.0580
pi             0.0000     0.5609     0.3147
pai            0.0000     0.7408     0.5487
r              0.0000     1.0286     1.0580
C              0.0000     4.7575    22.6338
Ne             0.0000    20.2719   410.9502
N              0.0000     1.3044     1.7014
L              0.0000     0.9164     0.8398
w              0.0000     4.3553    18.9682
mu             0.0000     4.5124    20.3618
d              0.0000     7.4463    55.4469
v              0.0000     4.3553    18.9682
rho            0.0000     0.4659     0.2170
ve             0.0000    15.9198   253.4386
Y              0.0000     0.4502     0.2027
Le             0.0000    20.2719   410.9502
Lc             0.0000     4.8918    23.9301
l              0.0000     5.4653    29.8690
yy             0.0000     5.4653    29.8690
Yr             0.0000     0.7105     0.5048



MATRIX OF CORRELATIONS (HP filter, lambda = 1600)
Variables         i      pi     pai       r       C      Ne       N       L       w      mu       d       v     rho      ve       Y      Le      Lc       l      yy      Yr
i            1.0000 -0.9985 -1.0000  0.5641 -0.9941  0.9956  0.3475  0.8338 -0.9982  0.9993  0.9996 -0.9982  0.3475  0.9947 -0.9887  0.9956 -0.9999 -0.9779 -0.9779 -0.8543
pi          -0.9985  1.0000  0.9986 -0.5836  0.9866 -0.9889 -0.3985 -0.8022  0.9933 -0.9999 -0.9964  0.9933 -0.3985 -0.9875  0.9790 -0.9889  0.9974  0.9879  0.9879  0.8816
pai         -1.0000  0.9986  1.0000 -0.5652  0.9937 -0.9953 -0.3503 -0.8322  0.9980 -0.9994 -0.9995  0.9980 -0.3503 -0.9944  0.9883 -0.9953  0.9998  0.9785  0.9785  0.8558
r            0.5641 -0.5836 -0.5652  1.0000 -0.5205  0.5267  0.5435  0.2658 -0.5406  0.5778  0.5527 -0.5406  0.5435  0.5229 -0.5022  0.5267 -0.5579 -0.6291 -0.6291 -0.6745
C           -0.9941  0.9866  0.9937 -0.5205  1.0000 -0.9999 -0.2435 -0.8889  0.9988 -0.9892 -0.9969  0.9988 -0.2435 -1.0000  0.9991 -0.9999  0.9957  0.9494  0.9494  0.7927
Ne           0.9956 -0.9889 -0.9953  0.5267 -0.9999  1.0000  0.2578  0.8820 -0.9994  0.9912  0.9979 -0.9994  0.2578  1.0000 -0.9984  1.0000 -0.9970 -0.9539 -0.9539 -0.8016
N            0.3475 -0.3985 -0.3503  0.5435 -0.2435  0.2578  1.0000 -0.2279 -0.2900  0.3831  0.3193 -0.2900  1.0000  0.2490 -0.2030  0.2578 -0.3320 -0.5359 -0.5359 -0.7843
L            0.8338 -0.8022 -0.8322  0.2658 -0.8889  0.8820 -0.2279  1.0000 -0.8658  0.8121  0.8500 -0.8658 -0.2279  0.8863 -0.9072  0.8820 -0.8428 -0.7000 -0.7000 -0.4254
w           -0.9982  0.9933  0.9980 -0.5406  0.9988 -0.9994 -0.2900 -0.8658  1.0000 -0.9951 -0.9995  1.0000 -0.2900 -0.9991  0.9960 -0.9994  0.9990  0.9634  0.9634  0.8212
mu           0.9993 -0.9999 -0.9994  0.5778 -0.9892  0.9912  0.3831  0.8121 -0.9951  1.0000  0.9977 -0.9951  0.3831  0.9900 -0.9822  0.9912 -0.9985 -0.9852 -0.9852 -0.8735
d            0.9996 -0.9964 -0.9995  0.5527 -0.9969  0.9979  0.3193  0.8500 -0.9995  0.9977  1.0000 -0.9995  0.3193  0.9973 -0.9927  0.9979 -0.9999 -0.9712 -0.9712 -0.8383
v           -0.9982  0.9933  0.9980 -0.5406  0.9988 -0.9994 -0.2900 -0.8658  1.0000 -0.9951 -0.9995  1.0000 -0.2900 -0.9991  0.9960 -0.9994  0.9990  0.9634  0.9634  0.8212
rho          0.3475 -0.3985 -0.3503  0.5435 -0.2435  0.2578  1.0000 -0.2279 -0.2900  0.3831  0.3193 -0.2900  1.0000  0.2490 -0.2030  0.2578 -0.3320 -0.5359 -0.5359 -0.7843
ve           0.9947 -0.9875 -0.9944  0.5229 -1.0000  1.0000  0.2490  0.8863 -0.9991  0.9900  0.9973 -0.9991  0.2490  1.0000 -0.9989  1.0000 -0.9962 -0.9511 -0.9511 -0.7961
Y           -0.9887  0.9790  0.9883 -0.5022  0.9991 -0.9984 -0.2030 -0.9072  0.9960 -0.9822 -0.9927  0.9960 -0.2030 -0.9989  1.0000 -0.9984  0.9910  0.9355  0.9355  0.7667
Le           0.9956 -0.9889 -0.9953  0.5267 -0.9999  1.0000  0.2578  0.8820 -0.9994  0.9912  0.9979 -0.9994  0.2578  1.0000 -0.9984  1.0000 -0.9970 -0.9539 -0.9539 -0.8016
Lc          -0.9999  0.9974  0.9998 -0.5579  0.9957 -0.9970 -0.3320 -0.8428  0.9990 -0.9985 -0.9999  0.9990 -0.3320 -0.9962  0.9910 -0.9970  1.0000  0.9743  0.9743  0.8456
l           -0.9779  0.9879  0.9785 -0.6291  0.9494 -0.9539 -0.5359 -0.7000  0.9634 -0.9852 -0.9712  0.9634 -0.5359 -0.9511  0.9355 -0.9539  0.9743  1.0000  1.0000  0.9441
yy          -0.9779  0.9879  0.9785 -0.6291  0.9494 -0.9539 -0.5359 -0.7000  0.9634 -0.9852 -0.9712  0.9634 -0.5359 -0.9511  0.9355 -0.9539  0.9743  1.0000  1.0000  0.9441
Yr          -0.8543  0.8816  0.8558 -0.6745  0.7927 -0.8016 -0.7843 -0.4254  0.8212 -0.8735 -0.8383  0.8212 -0.7843 -0.7961  0.7667 -0.8016  0.8456  0.9441  0.9441  1.0000



COEFFICIENTS OF AUTOCORRELATION (HP filter, lambda = 1600)
Order         1       2       3       4       5
i        0.5641  0.2628  0.0601 -0.0705 -0.1492
pi       0.5717  0.2733  0.0707 -0.0616 -0.1428
pai      0.5644  0.2633  0.0606 -0.0701 -0.1489
r        0.5641  0.2628  0.0601 -0.0705 -0.1492
C        0.5556  0.2510  0.0483 -0.0805 -0.1564
Ne       0.5562  0.2519  0.0492 -0.0798 -0.1559
N        0.9229  0.7603  0.5592  0.3508  0.1550
L        0.6205  0.3410  0.1386 -0.0043 -0.1014
w        0.5582  0.2547  0.0520 -0.0774 -0.1542
mu       0.5691  0.2698  0.0672 -0.0646 -0.1449
d        0.5609  0.2583  0.0557 -0.0743 -0.1519
v        0.5582  0.2547  0.0520 -0.0774 -0.1542
rho      0.9229  0.7603  0.5592  0.3508  0.1550
ve       0.5558  0.2513  0.0486 -0.0803 -0.1562
Y        0.5547  0.2498  0.0471 -0.0816 -0.1572
Le       0.5562  0.2519  0.0492 -0.0798 -0.1559
Lc       0.5622  0.2602  0.0576 -0.0727 -0.1508
l        0.6042  0.3184  0.1160 -0.0234 -0.1152
yy       0.6042  0.3184  0.1160 -0.0234 -0.1152
Yr       0.7151  0.4722  0.2702  0.1068 -0.0212
Total computing time : 0h00m01s
